<?xml version="1.0" encoding="UTF-8"?>
<!-- Generated by org.testng.reporters.JUnitReportReporter -->
<testsuite hostname="DESKTOP-P6J36J6" failures="0" tests="1" name="com.opencart.tests.CheckoutTest" time="8.637" errors="0" timestamp="2025-09-09T09:39:12 IST" skipped="0">
  <testcase classname="com.opencart.tests.CheckoutTest" name="testCheckoutProcess" time="8.637"/>
</testsuite> <!-- com.opencart.tests.CheckoutTest -->
