<?xml version="1.0" encoding="UTF-8"?>
<!-- Generated by org.testng.reporters.JUnitReportReporter -->
<testsuite hostname="DESKTOP-P6J36J6" failures="0" tests="1" name="com.opencart.tests.AddToCartTest" time="6.139" errors="0" timestamp="2025-09-09T09:39:12 IST" skipped="0">
  <testcase classname="com.opencart.tests.AddToCartTest" name="testAddProductToCart" time="6.139"/>
</testsuite> <!-- com.opencart.tests.AddToCartTest -->
