<?xml version="1.0" encoding="UTF-8"?>
<!-- Generated by org.testng.reporters.JUnitReportReporter -->
<testsuite hostname="DESKTOP-P6J36J6" failures="0" tests="1" name="com.opencart.tests.RegisterTest" time="7.622" errors="0" timestamp="2025-09-08T08:21:18 IST" skipped="0">
  <testcase classname="com.opencart.tests.RegisterTest" name="testRegisterUser" time="7.622"/>
</testsuite> <!-- com.opencart.tests.RegisterTest -->
