<?xml version="1.0" encoding="UTF-8"?>
<!-- Generated by org.testng.reporters.JUnitReportReporter -->
<testsuite hostname="DESKTOP-P6J36J6" failures="0" tests="1" name="com.opencart.tests.LoginTest" time="5.133" errors="0" timestamp="2025-09-08T08:21:18 IST" skipped="0">
  <testcase classname="com.opencart.tests.LoginTest" name="testValidLogin" time="5.133"/>
</testsuite> <!-- com.opencart.tests.LoginTest -->
